<?xml version="1.0" encoding="UTF-8" standalone="no"?><testsuite errors="0" failures="2" name="Realizar depositos en XYZ Bank" skipped="0" tests="3" time="18.69" timestamp="2026-05-31 08:25:21"><testcase name="Deposito exitoso"/><testcase name="Campo de deposito vacio"><failure message="Expected condition failed: waiting for By.xpath: //button[contains(text(),'Customer Login')] to be present (tried for 5 second(s) with 100 milliseconds interval)&#10;Build info: version: '4.16.1', revision: '9b4c83354e'&#10;System info: os.name: 'Windows 11', os.arch: 'amd64', os.version: '10.0', java.version: '17.0.7'&#10;Driver info: driver.version: unknown" type="net.thucydides.core.webdriver.exceptions.ElementShouldBePresentException">Expected condition failed: waiting for By.xpath: //button[contains(text(),'Customer Login')] to be present (tried for 5 second(s) with 100 milliseconds interval)
Build info: version: '4.16.1', revision: '9b4c83354e'
System info: os.name: 'Windows 11', os.arch: 'amd64', os.version: '10.0', java.version: '17.0.7'
Driver info: driver.version: unknown</failure><system-err>Expected condition failed: waiting for By.xpath: //button[contains(text(),'Customer Login')] to be present (tried for 5 second(s) with 100 milliseconds interval)
Build info: version: '4.16.1', revision: '9b4c83354e'
System info: os.name: 'Windows 11', os.arch: 'amd64', os.version: '10.0', java.version: '17.0.7'
Driver info: driver.version: unknown&#13;
co.edu.udea.certificacion.auto.moduloprueba.interactions.DepositWithEmptyValue.performAs(DepositWithEmptyValue.java:17)&#13;
co.edu.udea.certificacion.auto.moduloprueba.stepdefinitions.depositStepDefinition.dejoElCampoDeMontoVacio(depositStepDefinition.java:66)&#13;
worker.org.gradle.process.internal.worker.GradleWorkerMain.run(GradleWorkerMain.java:69)&#13;
worker.org.gradle.process.internal.worker.GradleWorkerMain.main(GradleWorkerMain.java:74)&#13;
</system-err></testcase><testcase name="Deposito con valor decimal"><failure message="Expected condition failed: waiting for By.xpath: //button[contains(text(),'Customer Login')] to be present (tried for 5 second(s) with 100 milliseconds interval)&#10;Build info: version: '4.16.1', revision: '9b4c83354e'&#10;System info: os.name: 'Windows 11', os.arch: 'amd64', os.version: '10.0', java.version: '17.0.7'&#10;Driver info: driver.version: unknown" type="net.thucydides.core.webdriver.exceptions.ElementShouldBePresentException">Expected condition failed: waiting for By.xpath: //button[contains(text(),'Customer Login')] to be present (tried for 5 second(s) with 100 milliseconds interval)
Build info: version: '4.16.1', revision: '9b4c83354e'
System info: os.name: 'Windows 11', os.arch: 'amd64', os.version: '10.0', java.version: '17.0.7'
Driver info: driver.version: unknown</failure><system-err>Expected condition failed: waiting for By.xpath: //button[contains(text(),'Customer Login')] to be present (tried for 5 second(s) with 100 milliseconds interval)
Build info: version: '4.16.1', revision: '9b4c83354e'
System info: os.name: 'Windows 11', os.arch: 'amd64', os.version: '10.0', java.version: '17.0.7'
Driver info: driver.version: unknown&#13;
co.edu.udea.certificacion.auto.moduloprueba.interactions.DepositWithDecimalValue.performAs(DepositWithDecimalValue.java:18)&#13;
co.edu.udea.certificacion.auto.moduloprueba.stepdefinitions.depositStepDefinition.ingresoUnValorDecimal(depositStepDefinition.java:74)&#13;
worker.org.gradle.process.internal.worker.GradleWorkerMain.run(GradleWorkerMain.java:69)&#13;
worker.org.gradle.process.internal.worker.GradleWorkerMain.main(GradleWorkerMain.java:74)&#13;
</system-err></testcase></testsuite>